<?xml version="1.0" encoding="UTF-8"?>
<!-- Generated by org.testng.reporters.JUnitReportReporter -->
<testsuite hostname="ATMECSINDT-006" failures="0" tests="1" name="com.atmecs.konakart.testscripts.SecondScenario" time="10.268" errors="0" timestamp="04 Oct 2019 09:54:25 GMT" skipped="0">
  <testcase classname="com.atmecs.konakart.testscripts.SecondScenario" name="second" time="10.268"/>
</testsuite> <!-- com.atmecs.konakart.testscripts.SecondScenario -->
